Compile Report
Microchip Technology Inc. - Microchip Libero Software Release 2025.2 (Version 2025.2.0.14)
Date: Fri Feb 13 18:17:04 2026

Device Selection
+------------------------+--------------+
| Family                 | PolarFireSoC |
| Device                 | MPFS095T     |
| Package                | FCSG325      |
| Speed Grade            | -1           |
| Core Voltage           | 1.0V         |
| Part Range             | EXT          |
| Default I/O technology | LVCMOS 1.8V  |
+------------------------+--------------+

Source Files
+---------+----------------------------------------------------------------------------------------------------------------------------+
| Topcell | MPFS_DISCOVERY_KIT                                                                                                         |
| Format  | Verilog                                                                                                                    |
| Source  | C:\dev\MCHP\Libero25-4\polarfire-soc-discovery-kit-reference-design-2025.07\MPFS_DISCOVERY\synthesis\MPFS_DISCOVERY_KIT.vm |
+---------+----------------------------------------------------------------------------------------------------------------------------+

Options
+----------------------------------------------------+----+
| Limit the number of high fanout nets to display to | 10 |
+----------------------------------------------------+----+

Resource Usage
+-----------------------------+-------+-------+------------+
| Type                        | Used  | Total | Percentage |
+-----------------------------+-------+-------+------------+
| 4LUT                        | 16726 | 93516 | 17.89      |
| DFF                         | 12345 | 93516 | 13.20      |
| User I/O                    | 58    | 80    | 72.50      |
| -- Single-ended I/O         | 58    | 80    | 72.50      |
| -- Differential I/O Pairs   | 0     | 40    | 0.00       |
| -- I/Os using I/O Registers | 0     | 80    | 0.00       |
| I/O Register Flip-Flops     | 0     | 240   | 0.00       |
| -- Input  I/O Flip-Flops    | 0     | 80    | 0.00       |
| -- Output I/O Flip-Flops    | 0     | 80    | 0.00       |
| -- Enable I/O Flip-Flops    | 0     | 80    | 0.00       |
| uSRAM                       | 101   | 876   | 11.53      |
| LSRAM                       | 22    | 308   | 7.14       |
| Math                        | 1     | 292   | 0.34       |
| H-Chip Global               | 10    | 48    | 20.83      |
| PLL                         | 1     | 8     | 12.50      |
| DLL                         | 0     | 8     | 0.00       |
| CRN_INT                     | 1     | 24    | 4.17       |
| INIT                        | 1     | 1     | 100.00     |
| DRI                         | 1     | 1     | 100.00     |
| Transceiver Lanes           | 0     | 2     | 0.00       |
| Transceiver PCIe            | 0     | 2     | 0.00       |
| ICB_CLKINT                  | 4     | 68    | 5.88       |
| MSS                         | 1     | 1     | 100.00     |
| MSS I/O                     | 77    | 102   | 75.49      |
+-----------------------------+-------+-------+------------+

Detailed Logic Resource Usage
+-----------------------+-------+-------+
| Type                  | 4LUT  | DFF   |
+-----------------------+-------+-------+
| Fabric Logic          | 14686 | 10305 |
| uSRAM Interface Logic | 1212  | 1212  |
| LSRAM Interface Logic | 792   | 792   |
| Math Interface Logic  | 36    | 36    |
| Total Used            | 16726 | 12345 |
+-----------------------+-------+-------+

Detailed Carry Chains Resource Usage
+--------+------+
| Length | Used |
| 2      | 2    |
| 3      | 3    |
| 5      | 1    |
| 6      | 7    |
| 7      | 1    |
| 8      | 29   |
| 9      | 34   |
| 10     | 5    |
| 11     | 4    |
| 12     | 8    |
| 13     | 7    |
| 14     | 3    |
| 15     | 2    |
| 17     | 7    |
| 18     | 4    |
| 19     | 1    |
| 23     | 2    |
| 24     | 1    |
| 25     | 5    |
| 26     | 6    |
| 29     | 14   |
| 32     | 4    |
| 33     | 6    |
| 49     | 1    |
| 57     | 3    |
| Total  | 160  |
+--------+------+

Detailed 4LUT Groups Resource Usage
+--------+------+
| Length | Used |
| 2      | 184  |
| 5      | 8    |
| 22     | 2    |
| Total  | 194  |
+--------+------+

Detailed Math Chains Resource Usage
+--------+------+
| Length | Used |
| 1      | 1    |
| Total  | 1    |
+--------+------+

I/O Function
+-------------------------------+--------------+-------------+-----------------+
| Type                          | w/o register | w/ register | w/ DDR register |
+-------------------------------+--------------+-------------+-----------------+
| Input I/O                     | 15           | 0           | 0               |
| Output I/O                    | 19           | 0           | 0               |
| Bidirectional I/O             | 24           | 0           | 0               |
| Differential Input I/O Pairs  | 0            | 0           | 0               |
| Differential Output I/O Pairs | 0            | 0           | 0               |
+-------------------------------+--------------+-------------+-----------------+

Nets assigned to chip global resources
+--------+---------+-------------------------------------------------------------------------------------------------------------------+
| Fanout | Type    | Name                                                                                                              |
+--------+---------+-------------------------------------------------------------------------------------------------------------------+
| 9792   | INT_NET | Net   : CLOCKS_AND_RESETS_0_FIC_0_CLK                                                                             |
|        |         | Driver: CLOCKS_AND_RESETS_0/CCC_FIC_x_CLK/PF_CCC_C0_0/clkint_0/U0_RGB1                                            |
|        |         | Source: NETLIST                                                                                                   |
| 2492   | INT_NET | Net   : dff_arst_0                                                                                                |
|        |         | Driver: CLOCKS_AND_RESETS_0/RESET_FIC_0_CLK/CORERESET_0/dff_15_rep_RNIPF347[0]/U0_RGB1                            |
|        |         | Source: NETLIST                                                                                                   |
| 2305   | INT_NET | Net   : FIC_0_PERIPHERALS_0/FIC0_INITIATOR_inst_0/FIC0_INITIATOR_0/sysReset_arst                                  |
|        |         | Driver: FIC_0_PERIPHERALS_0/FIC0_INITIATOR_inst_0/FIC0_INITIATOR_0/arst_aclk_sync/sysReset_RNI0DTR/U0_RGB1        |
|        |         | Source: NETLIST                                                                                                   |
| 1684   | INT_NET | Net   : FIC_0_PERIPHERALS_0/DMA_INITIATOR_inst_0/DMA_INITIATOR_0/sysReset_arst                                    |
|        |         | Driver: FIC_0_PERIPHERALS_0/DMA_INITIATOR_inst_0/DMA_INITIATOR_0/arst_aclk_sync/sysReset_RNI0DTR/U0_RGB1          |
|        |         | Source: NETLIST                                                                                                   |
| 1405   | INT_NET | Net   : FIC_0_PERIPHERALS_0/HLS_AXI4Interconnect_0/HLS_AXI4Interconnect_0/sysReset_arst                           |
|        |         | Driver: FIC_0_PERIPHERALS_0/HLS_AXI4Interconnect_0/HLS_AXI4Interconnect_0/arst_aclk_sync/sysReset_RNI0DTR/U0_RGB1 |
|        |         | Source: NETLIST                                                                                                   |
| 1136   | INT_NET | Net   : CLOCKS_AND_RESETS_0_FIC_3_CLK                                                                             |
|        |         | Driver: CLOCKS_AND_RESETS_0/CCC_FIC_x_CLK/PF_CCC_C0_0/clkint_12/U0_RGB1                                           |
|        |         | Source: NETLIST                                                                                                   |
| 1055   | INT_NET | Net   : dff_arst                                                                                                  |
|        |         | Driver: CLOCKS_AND_RESETS_0/RESET_FIC_3_CLK/CORERESET_0/dff_15_rep_RNIS9V04[0]/U0_RGB1                            |
|        |         | Source: NETLIST                                                                                                   |
| 1      | INT_NET | Net   : CLOCKS_AND_RESETS_0_FIC_2_CLK                                                                             |
|        |         | Driver: CLOCKS_AND_RESETS_0/CCC_FIC_x_CLK/PF_CCC_C0_0/clkint_8/U0_RGB1                                            |
|        |         | Source: NETLIST                                                                                                   |
| 1      | INT_NET | Net   : CLOCKS_AND_RESETS_0_FIC_1_CLK                                                                             |
|        |         | Driver: CLOCKS_AND_RESETS_0/CCC_FIC_x_CLK/PF_CCC_C0_0/clkint_4/U0_RGB1                                            |
|        |         | Source: NETLIST                                                                                                   |
| 1      | INT_NET | Net   : CLOCKS_AND_RESETS_0/CLKINT_REF_CLK_50MHz_Y                                                                |
|        |         | Driver: CLOCKS_AND_RESETS_0/CLKINT_REF_CLK_50MHz/U0_RGB1                                                          |
|        |         | Source: NETLIST                                                                                                   |
+--------+---------+-------------------------------------------------------------------------------------------------------------------+

Nets assigned to row global resources
+--------+------+------+
| Fanout | Type | Name |
+--------+------+------+
+--------+------+------+

High fanout nets
+--------+---------+---------------------------------------------------------------------------------------------------------------------------------------------+
| Fanout | Type    | Name                                                                                                                                        |
+--------+---------+---------------------------------------------------------------------------------------------------------------------------------------------+
| 421    | INT_NET | Net   : CLOCKS_AND_RESETS_0_RESET_FIC_0_CLK_CORERESET_0_dff                                                                                 |
|        |         | Driver: CLOCKS_AND_RESETS_0/RESET_FIC_0_CLK/CORERESET_0/dff_15[0]                                                                           |
| 260    | INT_NET | Net   : FIC_0_PERIPHERALS_0/tinyml_accel_top_0/tinyml_accel_inst/tinyml_accel_inst/cur_state_Z[16]                                          |
|        |         | Driver: FIC_0_PERIPHERALS_0/tinyml_accel_top_0/tinyml_accel_inst/tinyml_accel_inst/cur_state[16]                                            |
| 235    | INT_NET | Net   : FIC_0_PERIPHERALS_0/tinyml_accel_top_0/tinyml_accel_inst/tinyml_accel_inst/cur_state_Z[15]                                          |
|        |         | Driver: FIC_0_PERIPHERALS_0/tinyml_accel_top_0/tinyml_accel_inst/tinyml_accel_inst/cur_state[15]                                            |
| 226    | INT_NET | Net   : FIC_0_PERIPHERALS_0/DMA_CONTROLLER_inst_0/DMA_CONTROLLER_0/rdCache1Sel                                                              |
|        |         | Driver: FIC_0_PERIPHERALS_0/DMA_CONTROLLER_inst_0/DMA_CONTROLLER_0/U_DMAController/DMATranCtrl/intErrorCtrl_inst/rdCache1Sel                |
| 201    | INT_NET | Net   : MSS_WRAPPER_0_FIC_3_APB_INITIATOR_PADDR[2]                                                                                          |
|        |         | Driver: MSS_WRAPPER_0/MPFS_DISCOVERY_KIT_MSS_0/I_MSS                                                                                        |
| 194    | INT_NET | Net   : FIC_0_PERIPHERALS_0/DMA_CONTROLLER_inst_0/DMA_CONTROLLER_0/U_DMAController/DMAArbiter_inst/DSCRPTR_CACHE/un1_wrEn_Z                 |
|        |         | Driver: FIC_0_PERIPHERALS_0/DMA_CONTROLLER_inst_0/DMA_CONTROLLER_0/U_DMAController/DMAArbiter_inst/DSCRPTR_CACHE/un1_wrEn                   |
| 179    | INT_NET | Net   : FIC_0_PERIPHERALS_0/tinyml_accel_top_0/tinyml_accel_inst_tinyml_accel_inst_cur_state[17]                                            |
|        |         | Driver: FIC_0_PERIPHERALS_0/tinyml_accel_top_0/tinyml_accel_inst/tinyml_accel_inst/cur_state[17]                                            |
| 179    | INT_NET | Net   : FIC_0_PERIPHERALS_0/DMA_CONTROLLER_inst_0/DMA_CONTROLLER_0/U_DMAController/externDscrptr_DscrptrSrcMux                              |
|        |         | Driver: FIC_0_PERIPHERALS_0/DMA_CONTROLLER_inst_0/DMA_CONTROLLER_0/U_DMAController/dscrptrSrcMux_inst/externDscrptr_0_a3                    |
| 169    | INT_NET | Net   : FIC_0_PERIPHERALS_0/DMA_CONTROLLER_inst_0/DMA_CONTROLLER_0/U_DMAController/extDscrptrFetchFSM_inst/un1_dataValidReg_d_0_sqmuxa_0_Z  |
|        |         | Driver: FIC_0_PERIPHERALS_0/DMA_CONTROLLER_inst_0/DMA_CONTROLLER_0/U_DMAController/extDscrptrFetchFSM_inst/un1_dataValidReg_d_0_sqmuxa_0    |
| 166    | INT_NET | Net   : FIC_0_PERIPHERALS_0/DMA_CONTROLLER_inst_0/DMA_CONTROLLER_0/U_DMAController/DMATranCtrl/strDscrptr_wrTranQueue15                     |
|        |         | Driver: FIC_0_PERIPHERALS_0/DMA_CONTROLLER_inst_0/DMA_CONTROLLER_0/U_DMAController/DMATranCtrl/rdTranQueue_inst/intDscrptrNum_rdTranQueue15 |
+--------+---------+---------------------------------------------------------------------------------------------------------------------------------------------+

High fanout nets (through buffer trees)
+--------+---------+---------------------------------------------------------------------------------------------------------------------------------------------+
| Fanout | Type    | Name                                                                                                                                        |
+--------+---------+---------------------------------------------------------------------------------------------------------------------------------------------+
| 421    | INT_NET | Net   : CLOCKS_AND_RESETS_0_RESET_FIC_0_CLK_CORERESET_0_dff                                                                                 |
|        |         | Driver: CLOCKS_AND_RESETS_0/RESET_FIC_0_CLK/CORERESET_0/dff_15[0]                                                                           |
| 260    | INT_NET | Net   : FIC_0_PERIPHERALS_0/tinyml_accel_top_0/tinyml_accel_inst/tinyml_accel_inst/cur_state_Z[16]                                          |
|        |         | Driver: FIC_0_PERIPHERALS_0/tinyml_accel_top_0/tinyml_accel_inst/tinyml_accel_inst/cur_state[16]                                            |
| 235    | INT_NET | Net   : FIC_0_PERIPHERALS_0/tinyml_accel_top_0/tinyml_accel_inst/tinyml_accel_inst/cur_state_Z[15]                                          |
|        |         | Driver: FIC_0_PERIPHERALS_0/tinyml_accel_top_0/tinyml_accel_inst/tinyml_accel_inst/cur_state[15]                                            |
| 226    | INT_NET | Net   : FIC_0_PERIPHERALS_0/DMA_CONTROLLER_inst_0/DMA_CONTROLLER_0/rdCache1Sel                                                              |
|        |         | Driver: FIC_0_PERIPHERALS_0/DMA_CONTROLLER_inst_0/DMA_CONTROLLER_0/U_DMAController/DMATranCtrl/intErrorCtrl_inst/rdCache1Sel                |
| 201    | INT_NET | Net   : MSS_WRAPPER_0_FIC_3_APB_INITIATOR_PADDR[2]                                                                                          |
|        |         | Driver: MSS_WRAPPER_0/MPFS_DISCOVERY_KIT_MSS_0/I_MSS                                                                                        |
| 194    | INT_NET | Net   : FIC_0_PERIPHERALS_0/DMA_CONTROLLER_inst_0/DMA_CONTROLLER_0/U_DMAController/DMAArbiter_inst/DSCRPTR_CACHE/un1_wrEn_Z                 |
|        |         | Driver: FIC_0_PERIPHERALS_0/DMA_CONTROLLER_inst_0/DMA_CONTROLLER_0/U_DMAController/DMAArbiter_inst/DSCRPTR_CACHE/un1_wrEn                   |
| 179    | INT_NET | Net   : FIC_0_PERIPHERALS_0/tinyml_accel_top_0/tinyml_accel_inst_tinyml_accel_inst_cur_state[17]                                            |
|        |         | Driver: FIC_0_PERIPHERALS_0/tinyml_accel_top_0/tinyml_accel_inst/tinyml_accel_inst/cur_state[17]                                            |
| 179    | INT_NET | Net   : FIC_0_PERIPHERALS_0/DMA_CONTROLLER_inst_0/DMA_CONTROLLER_0/U_DMAController/externDscrptr_DscrptrSrcMux                              |
|        |         | Driver: FIC_0_PERIPHERALS_0/DMA_CONTROLLER_inst_0/DMA_CONTROLLER_0/U_DMAController/dscrptrSrcMux_inst/externDscrptr_0_a3                    |
| 169    | INT_NET | Net   : FIC_0_PERIPHERALS_0/DMA_CONTROLLER_inst_0/DMA_CONTROLLER_0/U_DMAController/extDscrptrFetchFSM_inst/un1_dataValidReg_d_0_sqmuxa_0_Z  |
|        |         | Driver: FIC_0_PERIPHERALS_0/DMA_CONTROLLER_inst_0/DMA_CONTROLLER_0/U_DMAController/extDscrptrFetchFSM_inst/un1_dataValidReg_d_0_sqmuxa_0    |
| 166    | INT_NET | Net   : FIC_0_PERIPHERALS_0/DMA_CONTROLLER_inst_0/DMA_CONTROLLER_0/U_DMAController/DMATranCtrl/strDscrptr_wrTranQueue15                     |
|        |         | Driver: FIC_0_PERIPHERALS_0/DMA_CONTROLLER_inst_0/DMA_CONTROLLER_0/U_DMAController/DMATranCtrl/rdTranQueue_inst/intDscrptrNum_rdTranQueue15 |
+--------+---------+---------------------------------------------------------------------------------------------------------------------------------------------+

